<?xml version="1.0" encoding="UTF-8"?>
<testng-results ignored="0" total="3" passed="3" failed="0" skipped="0">
  <reporter-output>
  </reporter-output>
  <suite started-at="2024-12-02T17:41:43 EST" name="Default suite" finished-at="2024-12-02T17:41:47 EST" duration-ms="4104">
    <groups>
    </groups>
    <test started-at="2024-12-02T17:41:43 EST" name="Default test" finished-at="2024-12-02T17:41:47 EST" duration-ms="4104">
      <class name="com.example.api.APITest">
        <test-method signature="testAllPosts()[pri:0, instance:com.example.api.APITest@7ed7259e]" started-at="2024-12-02T17:41:43 EST" name="testAllPosts" finished-at="2024-12-02T17:41:46 EST" duration-ms="3131" status="PASS">
          <reporter-output>
          </reporter-output>
        </test-method> <!-- testAllPosts -->
        <test-method signature="testGetRequest()[pri:0, instance:com.example.api.APITest@7ed7259e]" started-at="2024-12-02T17:41:46 EST" name="testGetRequest" finished-at="2024-12-02T17:41:46 EST" duration-ms="75" status="PASS">
          <reporter-output>
          </reporter-output>
        </test-method> <!-- testGetRequest -->
        <test-method signature="testPostRequest()[pri:0, instance:com.example.api.APITest@7ed7259e]" started-at="2024-12-02T17:41:46 EST" name="testPostRequest" finished-at="2024-12-02T17:41:47 EST" duration-ms="812" status="PASS">
          <reporter-output>
          </reporter-output>
        </test-method> <!-- testPostRequest -->
      </class> <!-- com.example.api.APITest -->
    </test> <!-- Default test -->
  </suite> <!-- Default suite -->
</testng-results>
