<?xml version="1.0" encoding="UTF-8"?>
<!-- Generated by org.testng.reporters.JUnitXMLReporter -->
<testsuite ignored="0" hostname="SHEENALYN" failures="0" tests="3" name="Default test" time="4.104" errors="0" timestamp="2024-12-02T17:41:47 EST">
  <testcase classname="com.example.api.APITest" name="testAllPosts" time="3.131"/>
  <testcase classname="com.example.api.APITest" name="testGetRequest" time="0.075"/>
  <testcase classname="com.example.api.APITest" name="testPostRequest" time="0.812"/>
</testsuite> <!-- Default test -->
